TN:
SF:src/cartas.ts
FN:5,<instance_members_initializer>
FN:12,MostrarCartas
FN:63,AyadirCarta
FN:84,ActualizarCarta
FN:101,EliminarCarta
FN:117,ListarCartas
FN:136,MostrarCarta
FNF:7
FNH:7
FNDA:1,<instance_members_initializer>
FNDA:1,MostrarCartas
FNDA:1,AyadirCarta
FNDA:1,ActualizarCarta
FNDA:1,EliminarCarta
FNDA:1,ListarCartas
FNDA:1,MostrarCarta
DA:1,1
DA:2,1
DA:3,1
DA:4,1
DA:5,1
DA:6,1
DA:7,1
DA:8,1
DA:9,1
DA:10,1
DA:11,1
DA:12,1
DA:13,1
DA:14,1
DA:15,1
DA:16,1
DA:17,1
DA:18,1
DA:19,1
DA:20,1
DA:21,1
DA:22,1
DA:23,1
DA:24,1
DA:25,1
DA:26,0
DA:27,0
DA:28,1
DA:29,1
DA:30,1
DA:31,1
DA:32,0
DA:33,0
DA:34,1
DA:35,1
DA:36,1
DA:37,1
DA:38,0
DA:39,0
DA:40,1
DA:41,0
DA:42,0
DA:43,1
DA:44,0
DA:45,0
DA:46,1
DA:47,0
DA:48,0
DA:49,1
DA:50,0
DA:51,0
DA:52,1
DA:53,0
DA:54,0
DA:55,1
DA:56,1
DA:57,1
DA:58,1
DA:59,1
DA:60,1
DA:61,1
DA:62,1
DA:63,1
DA:64,1
DA:65,1
DA:66,1
DA:67,1
DA:68,0
DA:69,0
DA:70,1
DA:71,1
DA:72,0
DA:73,1
DA:74,1
DA:75,1
DA:76,1
DA:77,1
DA:78,1
DA:79,1
DA:80,1
DA:81,1
DA:82,1
DA:83,1
DA:84,1
DA:85,1
DA:86,1
DA:87,1
DA:88,1
DA:89,0
DA:90,1
DA:91,1
DA:92,1
DA:93,1
DA:94,1
DA:95,1
DA:96,1
DA:97,1
DA:98,1
DA:99,1
DA:100,1
DA:101,1
DA:102,1
DA:103,1
DA:104,1
DA:105,1
DA:106,0
DA:107,1
DA:108,1
DA:109,1
DA:110,1
DA:111,1
DA:112,1
DA:113,1
DA:114,1
DA:115,1
DA:116,1
DA:117,1
DA:118,1
DA:119,1
DA:120,1
DA:121,0
DA:122,1
DA:123,1
DA:124,1
DA:125,1
DA:126,1
DA:127,1
DA:128,1
DA:129,1
DA:130,1
DA:131,1
DA:132,1
DA:133,1
DA:134,1
DA:135,1
DA:136,1
DA:137,1
DA:138,1
DA:139,1
DA:140,1
DA:141,1
DA:142,1
DA:143,0
DA:144,0
DA:145,0
DA:146,1
DA:147,1
LF:147
LH:122
BRDA:5,0,0,1
BRDA:12,1,0,1
BRDA:25,2,0,0
BRDA:31,3,0,0
BRDA:37,4,0,0
BRDA:40,5,0,0
BRDA:43,6,0,0
BRDA:46,7,0,0
BRDA:49,8,0,0
BRDA:52,9,0,0
BRDA:63,10,0,1
BRDA:67,11,0,0
BRDA:71,12,0,0
BRDA:84,13,0,1
BRDA:88,14,0,0
BRDA:101,15,0,1
BRDA:105,16,0,0
BRDA:117,17,0,1
BRDA:120,18,0,0
BRDA:124,19,0,1
BRDA:136,20,0,1
BRDA:142,21,0,0
BRF:22
BRH:8
end_of_record
TN:
SF:src/magic-app.ts
FN:41,<instance_members_initializer>
FN:55,Cartas
FNF:2
FNH:2
FNDA:10,<instance_members_initializer>
FNDA:10,Cartas
DA:1,1
DA:2,1
DA:3,1
DA:4,1
DA:5,1
DA:6,1
DA:7,1
DA:8,1
DA:9,1
DA:10,1
DA:11,1
DA:12,1
DA:13,1
DA:14,1
DA:15,1
DA:16,1
DA:17,1
DA:18,1
DA:19,1
DA:20,1
DA:21,1
DA:22,1
DA:23,1
DA:24,1
DA:25,1
DA:26,1
DA:27,1
DA:28,1
DA:29,1
DA:30,1
DA:31,1
DA:32,1
DA:33,1
DA:34,1
DA:35,1
DA:36,1
DA:37,1
DA:38,1
DA:39,1
DA:40,1
DA:41,1
DA:42,10
DA:43,10
DA:44,10
DA:45,10
DA:46,10
DA:47,10
DA:48,10
DA:49,10
DA:50,10
DA:51,10
DA:52,10
DA:53,10
DA:54,10
DA:55,10
DA:56,10
DA:57,10
DA:58,10
DA:59,10
DA:60,10
DA:61,10
DA:62,10
DA:63,10
DA:64,10
DA:65,4
DA:66,4
DA:67,10
DA:68,0
DA:69,0
DA:70,10
DA:71,10
LF:71
LH:69
BRDA:5,0,0,1
BRDA:18,1,0,1
BRDA:31,2,0,1
BRDA:41,3,0,10
BRDA:55,4,0,10
BRDA:64,5,0,4
BRDA:67,6,0,0
BRF:7
BRH:6
end_of_record
